\BOOKMARK [0][-]{chapter*.2}{\376\377\000G\000e\000n\000e\000r\000a\000l\000\040\000N\000o\000t\000e\000s\000:}{}% 1
\BOOKMARK [0][-]{chapter*.3}{\376\377\000L\000e\000c\000t\000u\000r\000e\000\040\0001\000:\000\040\000M\000e\000a\000s\000u\000r\000i\000n\000g\000\040\000A\000g\000i\000n\000g}{}% 2
\BOOKMARK [1][-]{section*.4}{\376\377\000L\000i\000f\000e\000\040\000T\000a\000b\000l\000e\000s}{chapter*.3}% 3
\BOOKMARK [2][-]{section*.5}{\376\377\000O\000b\000s\000e\000r\000v\000e\000d\000\040\000d\000a\000t\000a\000\040\000v\000s\000\040\000f\000i\000c\000t\000i\000t\000i\000o\000u\000s\000\040\000c\000o\000h\000o\000r\000t}{section*.4}% 4
\BOOKMARK [1][-]{section*.6}{\376\377\000O\000l\000d\000\040\000A\000g\000e\000\040\000D\000e\000p\000e\000n\000d\000e\000n\000c\000y\000\040\000R\000a\000t\000i\000o\000s}{chapter*.3}% 5
\BOOKMARK [1][-]{section*.7}{\376\377\000A\000g\000e\000i\000n\000g\000\040\000b\000y\000\040\000t\000h\000e\000\040\000T\000o\000p}{chapter*.3}% 6
\BOOKMARK [2][-]{section*.8}{\376\377\000F\000r\000o\000m\000\040\000t\000h\000e\000\040\000b\000o\000t\000t\000o\000m}{section*.7}% 7
\BOOKMARK [2][-]{section*.9}{\376\377\000F\000r\000o\000m\000\040\000t\000h\000e\000\040\000T\000o\000p}{section*.7}% 8
\BOOKMARK [0][-]{chapter*.10}{\376\377\000I\000n\000s\000t\000i\000t\000u\000t\000i\000o\000n\000a\000l\000\040\000d\000e\000s\000i\000g\000n\000\040\000o\000f\000\040\000P\000e\000n\000s\000i\000o\000n\000s}{}% 9
\BOOKMARK [1][-]{section*.11}{\376\377\000H\000i\000s\000t\000o\000r\000y\000\040\000O\000f\000\040\000R\000e\000t\000i\000r\000e\000m\000e\000n\000t}{chapter*.10}% 10
\BOOKMARK [2][-]{section*.12}{\376\377\000F\000a\000m\000i\000l\000y\000\040\000S\000u\000p\000p\000o\000r\000t}{section*.11}% 11
\BOOKMARK [2][-]{section*.13}{\376\377\000C\000h\000a\000r\000i\000t\000y\000\040\000a\000n\000d\000\040\000A\000s\000s\000i\000s\000t\000a\000n\000t}{section*.11}% 12
\BOOKMARK [2][-]{section*.14}{\376\377\000O\000c\000c\000u\000p\000a\000t\000i\000o\000n\000a\000l\000\040\000P\000e\000n\000s\000i\000o\000n\000s}{section*.11}% 13
\BOOKMARK [2][-]{section*.15}{\376\377\000I\000n\000d\000i\000v\000i\000d\000u\000a\000l\000\040\000S\000a\000v\000i\000n\000g\000s}{section*.11}% 14
\BOOKMARK [2][-]{section*.16}{\376\377\000B\000i\000r\000t\000h\000\040\000o\000f\000\040\000t\000h\000e\000\040\000W\000e\000l\000f\000a\000r\000e\000\040\000S\000t\000a\000t\000e\000:\000\040\000B\000i\000s\000m\000a\000r\000k}{section*.11}% 15
\BOOKMARK [2][-]{section*.20}{\376\377\000T\000h\000e\000\040\000U\000K\000\040\000a\000n\000d\000\040\000t\000h\000e\000\040\000B\000e\000v\000e\000r\000a\000g\000e\000\040\000R\000e\000p\000o\000r\000t}{section*.11}% 16
\BOOKMARK [1][-]{section*.21}{\376\377\000R\000a\000t\000i\000o\000n\000a\000l\000e\000\040\000f\000o\000r\000\040\000P\000u\000b\000l\000i\000c\000\040\000I\000n\000t\000e\000r\000v\000e\000n\000t\000i\000o\000n}{chapter*.10}% 17
\BOOKMARK [2][-]{section*.22}{\376\377\000M\000a\000r\000k\000e\000t\000\040\000F\000a\000i\000l\000u\000r\000e\000s}{section*.21}% 18
\BOOKMARK [2][-]{section*.24}{\376\377\000M\000y\000o\000p\000i\000a}{section*.21}% 19
\BOOKMARK [2][-]{section*.25}{\376\377\000S\000a\000m\000a\000r\000i\000t\000a\000n\000'\000s\000\040\000d\000i\000l\000e\000m\000m\000a}{section*.21}% 20
\BOOKMARK [2][-]{section*.26}{\376\377\000R\000e\000d\000i\000s\000t\000r\000i\000b\000u\000t\000i\000o\000n}{section*.21}% 21
\BOOKMARK [2][-]{section*.27}{\376\377\000E\000f\000f\000i\000c\000i\000e\000n\000c\000y\000\040\000a\000n\000d\000\040\000A\000d\000m\000i\000n\000i\000s\000t\000r\000a\000t\000i\000v\000e\000\040\000C\000o\000s\000t\000s}{section*.21}% 22
\BOOKMARK [1][-]{section*.28}{\376\377\000P\000e\000n\000s\000i\000o\000n\000\040\000D\000e\000s\000i\000g\000n\000\040\000a\000r\000o\000u\000n\000d\000\040\000t\000h\000e\000\040\000W\000o\000r\000l\000d}{chapter*.10}% 23
\BOOKMARK [2][-]{section*.29}{\376\377\000B\000i\000s\000m\000a\000r\000k\000\040\000v\000s\000\040\000B\000e\000v\000e\000r\000i\000d\000g\000e\000\040}{section*.28}% 24
\BOOKMARK [1][-]{section*.30}{\376\377\000T\000y\000p\000e\000s\000\040\000o\000f\000\040\000P\000e\000n\000s\000i\000o\000n\000s}{chapter*.10}% 25
\BOOKMARK [2][-]{section*.31}{\376\377\000P\000u\000b\000l\000i\000c\000\040\000v\000s\000\040\000m\000a\000n\000d\000a\000t\000o\000r\000y\000\040\000p\000r\000i\000v\000a\000t\000e\000\040\000v\000s\000\040\000v\000o\000l\000u\000n\000t\000a\000r\000y\000\040\000p\000r\000i\000v\000a\000t\000e}{section*.30}% 26
\BOOKMARK [2][-]{section*.32}{\376\377\000F\000u\000n\000d\000e\000d\000\040\000v\000s\000\040\000u\000n\000f\000u\000n\000d\000e\000d\000\040\000v\000s\000\040\000m\000i\000x\000e\000d\000\040\000f\000u\000n\000d\000i\000n\000g}{section*.30}% 27
\BOOKMARK [0][-]{chapter*.33}{\376\377\000P\000e\000n\000s\000i\000o\000n\000s\000\040\000a\000n\000d\000\040\000C\000a\000p\000i\000t\000a\000l\000\040\000M\000a\000r\000k\000e\000t\000s}{}% 28
\BOOKMARK [1][-]{section*.34}{\376\377\000F\000u\000n\000d\000e\000d\000\040\000v\000s\000\040\000U\000n\000f\000u\000n\000d\000e\000d}{chapter*.33}% 29
\BOOKMARK [2][-]{section*.35}{\376\377\000C\000h\000o\000c\000o\000l\000a\000t\000e\000\040\000E\000c\000o\000n\000o\000m\000y\000\040\000-\000\040\000P\000a\000u\000l\000\040\000A\000.\000\040\000S\000a\000m\000u\000e\000l\000s\000o\000n}{section*.34}% 30
\BOOKMARK [2][-]{section*.37}{\376\377\000P\000e\000t\000e\000r\000\040\000D\000i\000a\000m\000o\000n\000d\000\040\000-\000\040\000N\000a\000t\000i\000o\000n\000a\000l\000\040\000D\000e\000b\000t\000\040\000i\000n\000\040\000N\000e\000o\000c\000l\000a\000s\000s\000i\000c\000a\000l\000\040\000G\000r\000o\000w\000t\000h\000\040\000M\000o\000d\000e\000l}{section*.34}% 31
\BOOKMARK [2][-]{section*.38}{\376\377\000L\000a\000b\000o\000u\000r\000\040\000S\000u\000p\000p\000l\000y\000\040\000R\000e\000s\000p\000o\000n\000s\000e}{section*.34}% 32
\BOOKMARK [1][-]{section*.39}{\376\377\000A\000d\000e\000q\000u\000a\000c\000y\000\040\000o\000f\000\040\000S\000a\000v\000i\000n\000g\000s}{chapter*.33}% 33
\BOOKMARK [2][-]{section*.40}{\376\377\000D\000r\000o\000p\000\040\000i\000n\000\040\000c\000o\000n\000s\000u\000m\000p\000t\000i\000o\000n\000\040\000a\000t\000\040\000r\000e\000t\000i\000r\000e\000m\000e\000n\000t}{section*.39}% 34
\BOOKMARK [1][-]{section*.42}{\376\377\000I\000m\000p\000a\000c\000t\000\040\000o\000f\000\040\000P\000e\000n\000s\000i\000o\000n\000s\000\040\000o\000n\000\040\000S\000a\000v\000i\000n\000g\000s}{chapter*.33}% 35
\BOOKMARK [1][-]{section*.43}{\376\377\000R\000e\000t\000i\000r\000e\000m\000e\000n\000t\000\040\000S\000a\000v\000i\000n\000g\000\040\000P\000o\000l\000i\000c\000i\000e\000s}{chapter*.33}% 36
\BOOKMARK [2][-]{section*.44}{\376\377\000T\000a\000x\000\040\000I\000n\000c\000e\000n\000t\000i\000v\000e\000s}{section*.43}% 37
\BOOKMARK [0][-]{chapter*.45}{\376\377\000P\000e\000n\000s\000i\000o\000n\000s\000\040\000a\000n\000d\000\040\000L\000a\000b\000o\000u\000r\000\040\000M\000a\000r\000k\000e\000t\000s}{}% 38
\BOOKMARK [1][-]{section*.46}{\376\377\000M\000o\000d\000e\000l\000l\000i\000n\000g\000\040\000R\000e\000t\000i\000r\000e\000m\000e\000n\000t}{chapter*.45}% 39
\BOOKMARK [2][-]{section*.47}{\376\377\000A\000\040\000S\000i\000m\000p\000l\000e\000\040\000R\000e\000t\000i\000r\000e\000m\000e\000n\000t\000\040\000M\000o\000d\000e\000l}{section*.46}% 40
\BOOKMARK [2][-]{section*.50}{\376\377\000O\000p\000t\000i\000o\000n\000\040\000V\000a\000l\000u\000e\000\040\000M\000o\000d\000e\000l}{section*.46}% 41
\BOOKMARK [2][-]{section*.51}{\376\377\000D\000y\000n\000a\000m\000i\000c\000\040\000P\000r\000o\000g\000r\000a\000m\000m\000i\000n\000g\000\040\000M\000o\000d\000e\000l\000s}{section*.46}% 42
\BOOKMARK [1][-]{section*.52}{\376\377\000I\000m\000p\000a\000c\000t\000\040\000o\000f\000\040\000P\000e\000n\000s\000i\000o\000n\000s\000\040\000o\000n\000\040\000I\000n\000c\000e\000n\000t\000i\000v\000e\000s}{chapter*.45}% 43
\BOOKMARK [2][-]{section*.53}{\376\377\000R\000e\000t\000i\000r\000e\000m\000e\000n\000t\000\040\000S\000p\000i\000k\000e\000s}{section*.52}% 44
\BOOKMARK [2][-]{section*.54}{\376\377\000P\000e\000n\000s\000i\000o\000n\000\040\000I\000n\000c\000e\000n\000t\000i\000v\000e\000s}{section*.52}% 45
\BOOKMARK [2][-]{section*.55}{\376\377\000N\000B\000\040\000A\000L\000W\000A\000Y\000S\000\040\000A\000\040\000Q\000U\000E\000S\000T\000I\000O\000N\000\040\000A\000B\000O\000U\000T\000\040\000T\000H\000E\000\040\000E\000A\000R\000N\000I\000N\000G\000S\000\040\000T\000E\000S\000T}{section*.52}% 46
\BOOKMARK [2][-]{section*.56}{\376\377\000C\000h\000a\000n\000g\000e\000s\000\040\000i\000n\000\040\000R\000e\000t\000i\000r\000e\000m\000e\000n\000t\000\040\000a\000g\000e\000\040\000\050\000B\000o\000z\000i\000o\000\040\000d\000i\000d\000\040\000h\000i\000s\000\040\000P\000h\000D\000\040\000o\000n\000\040\000t\000h\000i\000s\000\051}{section*.52}% 47
\BOOKMARK [0][-]{chapter*.57}{\376\377\000R\000e\000d\000i\000s\000t\000r\000i\000b\000u\000t\000i\000o\000n\000\040\000a\000n\000d\000\040\000W\000e\000l\000l\000-\000B\000e\000i\000n\000g}{}% 48
\BOOKMARK [1][-]{section*.58}{\376\377\000R\000e\000d\000i\000s\000t\000r\000i\000b\000u\000t\000i\000o\000n}{chapter*.57}% 49
\BOOKMARK [2][-]{section*.59}{\376\377\000P\000o\000v\000e\000r\000t\000y\000\040\000\046\000\040\000D\000i\000f\000f\000e\000r\000e\000n\000t\000i\000a\000l\000\040\000L\000i\000f\000e\000-\000E\000x\000p\000e\000c\000t\000a\000n\000c\000y\000:}{section*.58}% 50
\BOOKMARK [2][-]{section*.60}{\376\377\000E\000l\000d\000e\000r\000l\000y\000\040\000P\000o\000v\000e\000r\000t\000y}{section*.58}% 51
\BOOKMARK [2][-]{section*.61}{\376\377\000R\000e\000d\000i\000s\000t\000r\000i\000b\000u\000t\000i\000o\000n\000\040\000A\000c\000r\000o\000s\000s\000\040\000C\000o\000h\000o\000r\000t\000s}{section*.58}% 52
\BOOKMARK [2][-]{section*.62}{\376\377\000R\000e\000d\000i\000s\000t\000r\000i\000b\000u\000t\000i\000o\000n\000\040\000W\000i\000t\000h\000i\000n\000\040\000C\000o\000h\000o\000r\000t\000s}{section*.58}% 53
\BOOKMARK [1][-]{section*.66}{\376\377\000H\000e\000a\000l\000t\000h\000\040\000\046\000\040\000W\000e\000l\000l\000-\000B\000e\000i\000n\000g}{chapter*.57}% 54
\BOOKMARK [2][-]{section*.67}{\376\377\000I\000m\000p\000a\000c\000t\000\040\000o\000f\000\040\000H\000e\000a\000l\000t\000h\000\040\000o\000n\000\040\000R\000e\000t\000i\000r\000e\000m\000e\000n\000t}{section*.66}% 55
\BOOKMARK [2][-]{section*.68}{\376\377\000I\000m\000p\000a\000c\000t\000\040\000o\000f\000\040\000R\000e\000t\000i\000r\000e\000m\000e\000n\000t\000\040\000o\000n\000\040\000H\000e\000a\000l\000t\000h}{section*.66}% 56
\BOOKMARK [0][-]{chapter*.70}{\376\377\000L\000o\000n\000g\000t\000e\000r\000m\000\040\000C\000a\000r\000e\000\040\000f\000o\000r\000\040\000t\000h\000e\000\040\000E\000l\000d\000e\000r\000l\000y}{}% 57
\BOOKMARK [1][-]{section*.71}{\376\377\000I\000n\000s\000u\000r\000i\000n\000g\000\040\000a\000g\000a\000i\000n\000s\000t\000\040\000l\000o\000n\000g\000-\000t\000e\000r\000m\000\040\000c\000a\000r\000e\000\040\000r\000i\000s\000k}{chapter*.70}% 58
\BOOKMARK [2][-]{section*.72}{\376\377\000W\000h\000y\000\040\000s\000o\000\040\000l\000i\000t\000t\000l\000e\000\040\000p\000r\000i\000v\000a\000t\000e\000\040\000i\000n\000s\000u\000r\000a\000n\000c\000e\000?}{section*.71}% 59
\BOOKMARK [0][-]{chapter*.74}{\376\377\000P\000e\000n\000s\000i\000o\000n\000\040\000R\000e\000f\000o\000r\000m\000s}{}% 60
\BOOKMARK [1][-]{section*.75}{\376\377\000P\000o\000l\000i\000c\000y\000\040\000O\000p\000t\000i\000o\000n\000s}{chapter*.74}% 61
\BOOKMARK [1][-]{section*.76}{\376\377\000I\000n\000c\000r\000e\000a\000s\000e\000d\000\040\000F\000u\000n\000d\000i\000n\000g}{chapter*.74}% 62
\BOOKMARK [2][-]{section*.77}{\376\377\000T\000r\000a\000n\000s\000i\000t\000i\000o\000n\000\040\000f\000r\000o\000m\000\040\000u\000n\000f\000u\000n\000d\000e\000d\000\040\000t\000o\000\040\000f\000u\000n\000d\000e\000d}{section*.76}% 63
\BOOKMARK [1][-]{section*.78}{\376\377\000P\000r\000i\000v\000a\000t\000i\000s\000a\000t\000i\000o\000n}{chapter*.74}% 64
\BOOKMARK [1][-]{section*.79}{\376\377\000R\000e\000f\000o\000r\000m\000i\000n\000g\000\040\000P\000A\000Y\000G\000O}{chapter*.74}% 65
