\BOOKMARK [0][-]{chapter*.2}{\376\377\000G\000e\000n\000e\000r\000a\000l\000\040\000N\000o\000t\000e\000s\000:}{}% 1
\BOOKMARK [1][-]{section*.3}{\376\377\000A\000p\000p\000r\000a\000i\000s\000a\000l}{chapter*.2}% 2
\BOOKMARK [2][-]{section*.4}{\376\377\000P\000o\000t\000e\000n\000t\000i\000a\000l\000\040\000T\000h\000e\000s\000i\000s\000\040\000Q\000u\000e\000s\000t\000i\000o\000n\000s\000:}{section*.3}% 3
\BOOKMARK [0][-]{chapter*.5}{\376\377\000L\000e\000c\000t\000u\000r\000e\000\040\0001\000:\000\040\000I\000n\000t\000r\000o\000d\000u\000c\000t\000i\000o\000n}{}% 4
\BOOKMARK [1][-]{section*.6}{\376\377\000T\000h\000e\000\040\000C\000u\000r\000r\000e\000n\000t\000\040\000A\000c\000c\000o\000u\000n\000t}{chapter*.5}% 5
\BOOKMARK [1][-]{section*.7}{\376\377\000C\000e\000n\000t\000r\000a\000l\000\040\000B\000a\000n\000k\000s\000\040\000\046\000\040\000M\000o\000n\000e\000t\000a\000r\000y\000\040\000P\000o\000l\000i\000c\000y}{chapter*.5}% 6
\BOOKMARK [2][-]{section*.8}{\376\377\000W\000h\000y\000\040\000a\000d\000o\000p\000t\000\040\000a\000n\000\040\000i\000n\000f\000l\000a\000t\000i\000o\000n\000\040\000o\000b\000j\000e\000c\000t\000i\000c\000c\000e\000\040\000o\000f\000\040\0002\000\045\000?}{section*.7}% 7
\BOOKMARK [1][-]{section*.9}{\376\377\000T\000h\000e\000\040\000I\000m\000p\000o\000r\000t\000a\000n\000c\000e\000\040\000o\000f\000\040\000t\000h\000e\000\040\000B\000a\000n\000k\000i\000n\000g\000\040\000S\000e\000c\000t\000o\000r}{chapter*.5}% 8
\BOOKMARK [2][-]{section*.10}{\376\377\000S\000o\000l\000u\000t\000i\000o\000n\000s\000\040\000t\000o\000\040\000B\000a\000n\000k\000\040\000S\000h\000o\000r\000t\000\040\000T\000e\000r\000m\000\040\000I\000l\000l\000i\000q\000u\000i\000d\000i\000t\000y}{section*.9}% 9
\BOOKMARK [1][-]{section*.11}{\376\377\000C\000o\000n\000v\000e\000n\000t\000i\000o\000n\000a\000l\000\040\000P\000o\000l\000i\000c\000y}{chapter*.5}% 10
\BOOKMARK [1][-]{section*.12}{\376\377\000N\000o\000n\000-\000C\000o\000n\000v\000e\000n\000t\000i\000o\000n\000a\000l\000\040\000P\000o\000l\000i\000c\000y}{chapter*.5}% 11
\BOOKMARK [1][-]{section*.13}{\376\377\000T\000h\000e\000\040\000S\000h\000a\000d\000o\000w\000\040\000R\000a\000t\000e}{chapter*.5}% 12
\BOOKMARK [1][-]{section*.14}{\376\377\000R\000*}{chapter*.5}% 13
\BOOKMARK [1][-]{section*.15}{\376\377\000T\000h\000e\000\040\000T\000a\000y\000l\000o\000r\000\040\000R\000u\000l\000e}{chapter*.5}% 14
\BOOKMARK [0][-]{chapter*.16}{\376\377\000E\000c\000o\000n\000o\000m\000i\000c\000\040\000\046\000\040\000F\000i\000n\000a\000n\000c\000i\000a\000l\000\040\000C\000r\000i\000s\000e\000s}{}% 15
\BOOKMARK [1][-]{section*.19}{\376\377\000D\000e\000f\000i\000n\000i\000n\000g\000\040\000a\000\040\000c\000r\000i\000s\000i\000s}{chapter*.16}% 16
\BOOKMARK [2][-]{section*.20}{\376\377\000C\000u\000r\000r\000e\000n\000c\000y\000\040\000C\000r\000i\000s\000e\000s}{section*.19}% 17
\BOOKMARK [2][-]{section*.21}{\376\377\000B\000a\000n\000k\000i\000n\000g\000\040\000C\000r\000i\000s\000e\000s}{section*.19}% 18
\BOOKMARK [2][-]{section*.22}{\376\377\000S\000o\000v\000e\000r\000e\000i\000g\000n\000\040\000C\000r\000i\000s\000e\000s}{section*.19}% 19
\BOOKMARK [2][-]{section*.23}{\376\377\000T\000w\000i\000n\000\040\000C\000r\000i\000s\000e\000s}{section*.19}% 20
\BOOKMARK [1][-]{section*.24}{\376\377\000M\000o\000d\000e\000l\000l\000i\000n\000g\000\040\000C\000r\000i\000s\000e\000s}{chapter*.16}% 21
\BOOKMARK [2][-]{section*.25}{\376\377\000G\000e\000n\000e\000r\000a\000t\000i\000o\000n\000\040\000I\000\040\000-\000\040\000K\000r\000u\000g\000m\000a\000n\000,\000\040\0001\0009\0007\0009}{section*.24}% 22
\BOOKMARK [2][-]{section*.28}{\376\377\000G\000e\000n\000e\000r\000a\000t\000i\000o\000n\000\040\000I\000I\000\040\000-\000\040\000O\000b\000s\000t\000f\000e\000l\000d\000,\000\040\0001\0009\0009\0004}{section*.24}% 23
\BOOKMARK [2][-]{section*.29}{\376\377\000G\000e\000n\000e\000r\000a\000t\000i\000o\000n\000\040\000I\000I\000I\000\040\000-\000\040\000A\000g\000h\000i\000o\000n\000,\000\040\000B\000a\000c\000c\000h\000e\000t\000t\000a\000,\000\040\000a\000n\000d\000\040\000B\000a\000n\000e\000r\000j\000e\000e\000,\000\040\0002\0000\0000\0000\000-\0000\0001}{section*.24}% 24
\BOOKMARK [2][-]{section*.30}{\376\377\000J\000e\000a\000n\000n\000e\000\040\0001\0009\0009\0009}{section*.24}% 25
\BOOKMARK [2][-]{section*.31}{\376\377\000C\000o\000n\000t\000a\000g\000i\000o\000n\000\040\000\050\000M\000a\000s\000s\000o\000n\000,\000\040\0001\0009\0009\0009\000\051}{section*.24}% 26
\BOOKMARK [1][-]{section*.32}{\376\377\000P\000r\000e\000d\000i\000c\000t\000i\000n\000g\000\040\000C\000r\000i\000s\000e\000s\000\040\000\050\000E\000W\000S\000\040\000-\000\040\000E\000a\000r\000l\000y\000\040\000W\000a\000r\000n\000i\000n\000g\000\040\000S\000y\000s\000t\000e\000m\000s\000\051}{chapter*.16}% 27
\BOOKMARK [2][-]{section*.33}{\376\377\000S\000o\000m\000e\000\040\000s\000i\000g\000n\000i\000f\000i\000c\000a\000n\000t\000\040\000v\000a\000r\000i\000a\000b\000l\000e\000s}{section*.32}% 28
\BOOKMARK [2][-]{section*.34}{\376\377\000C\000o\000n\000t\000a\000g\000i\000a\000n}{section*.32}% 29
\BOOKMARK [2][-]{section*.35}{\376\377\000S\000t\000a\000t\000e\000\040\000D\000e\000p\000e\000n\000d\000e\000n\000c\000e}{section*.32}% 30
\BOOKMARK [1][-]{section*.37}{\376\377\000C\000o\000n\000t\000a\000g\000i\000o\000n\000\040\000\046\000\040\000P\000o\000l\000i\000t\000i\000c\000a\000l\000\040\000U\000n\000c\000e\000r\000t\000a\000i\000n\000t\000y}{chapter*.16}% 31
\BOOKMARK [1][-]{section*.38}{\376\377\000M\000e\000a\000s\000u\000r\000i\000n\000g\000\040\000t\000h\000e\000\040\000E\000f\000f\000e\000c\000t\000s\000\040\000o\000f\000\040\000a\000\040\000C\000r\000i\000s\000i\000s}{chapter*.16}% 32
\BOOKMARK [1][-]{section*.39}{\376\377\000A\000c\000c\000u\000m\000u\000l\000a\000t\000i\000o\000n\000\040\000o\000f\000\040\000I\000n\000t\000e\000r\000n\000a\000t\000i\000o\000n\000a\000l\000\040\000R\000e\000s\000e\000r\000v\000e\000s}{chapter*.16}% 33
\BOOKMARK [1][-]{section*.40}{\376\377\000F\000a\000m\000a\000\040\000P\000u\000z\000z\000l\000e}{chapter*.16}% 34
\BOOKMARK [1][-]{section*.41}{\376\377\000P\000e\000s\000o\000\040\000P\000r\000o\000b\000l\000e\000m}{chapter*.16}% 35
\BOOKMARK [0][-]{chapter*.42}{\376\377\000t\000i\000t\000l\000e}{}% 36
