\BOOKMARK [0][-]{chapter*.2}{\376\377\000G\000e\000n\000e\000r\000a\000l\000\040\000N\000o\000t\000e\000s\000:}{}% 1
\BOOKMARK [0][-]{chapter*.3}{\376\377\000L\000e\000c\000t\000u\000r\000e\000\040\0001\000:}{}% 2
\BOOKMARK [1][-]{section*.4}{\376\377\000M\000.\000B\000o\000r\000d\000o\000\040\000\046\000\040\000R\000o\000b\000e\000r\000d\000s}{chapter*.3}% 3
\BOOKMARK [2][-]{section*.5}{\376\377\000F\000r\000i\000e\000d\000m\000a\000n\000'\000s\000\040\000m\000o\000n\000e\000t\000a\000r\000y\000\040\000p\000a\000r\000a\000d\000o\000x}{section*.4}% 4
\BOOKMARK [2][-]{section*.6}{\376\377\000T\000h\000e\000\040\000e\000f\000f\000e\000c\000t\000s\000\040\000o\000f\000\040\000d\000i\000g\000i\000t\000a\000l\000\040\000c\000u\000r\000r\000e\000n\000c\000y}{section*.4}% 5
\BOOKMARK [2][-]{section*.7}{\376\377\000M\000o\000n\000e\000y\000\040\000o\000r\000\040\000`\000`\000s\000a\000f\000e\000\040\000a\000s\000s\000e\000t\000s\000'\000'\000?\000\040\000G\000o\000r\000t\000o\000n}{section*.4}% 6
\BOOKMARK [1][-]{section*.8}{\376\377\000F\000i\000n\000a\000n\000c\000i\000n\000g\000\040\000t\000r\000a\000d\000e\000:\000\040\000e\000a\000r\000l\000y\000\040\000m\000o\000d\000e\000r\000n\000\040\000p\000r\000o\000b\000l\000e\000m\000s\000\040\000a\000n\000d\000\040\000s\000o\000l\000u\000t\000i\000o\000n\000s}{chapter*.3}% 7
\BOOKMARK [2][-]{section*.9}{\376\377\000T\000h\000e\000\040\000o\000m\000n\000i\000p\000r\000e\000s\000e\000n\000c\000e\000\040\000o\000f\000\040\000p\000r\000i\000v\000a\000t\000e\000\040\000c\000r\000e\000d\000i\000t\000\040\000i\000t\000\040\000e\000a\000r\000l\000y\000\040\000m\000o\000d\000e\000r\000n\000\040\000s\000o\000c\000i\000e\000t\000i\000e\000s}{section*.8}% 8
\BOOKMARK [1][-]{section*.10}{\376\377\000T\000r\000a\000d\000e\000\040\000D\000e\000v\000e\000l\000o\000p\000m\000e\000n\000t\000\040\000\046\000\040\000C\000r\000e\000d\000i\000t}{chapter*.3}% 9
\BOOKMARK [0][-]{chapter*.11}{\376\377\000L\000e\000c\000t\000u\000r\000e\000\040\0002\000:\000\040\000C\000o\000i\000n\000a\000g\000e\000\040\000a\000n\000d\000\040\000m\000o\000n\000e\000t\000a\000r\000y\000\040\000a\000r\000r\000a\000n\000g\000e\000m\000e\000n\000t\000s\000\040\000F\000i\000n\000a\000n\000c\000i\000n\000g\000\040\000g\000o\000v\000e\000r\000n\000m\000e\000n\000t\000\040\000a\000n\000d\000\040\000w\000a\000r}{}% 10
\BOOKMARK [1][-]{section*.12}{\376\377\000E\000x\000c\000h\000a\000n\000g\000e\000\040\000r\000a\000t\000e\000\040\000a\000n\000d\000\040\000D\000e\000b\000a\000s\000e\000m\000e\000n\000t}{chapter*.11}% 11
\BOOKMARK [1][-]{section*.13}{\376\377\000C\000e\000n\000t\000r\000a\000l\000i\000s\000a\000t\000i\000o\000n}{chapter*.11}% 12
\BOOKMARK [1][-]{section*.14}{\376\377\000D\000e\000b\000a\000s\000e\000m\000e\000n\000t}{chapter*.11}% 13
\BOOKMARK [1][-]{section*.15}{\376\377\000G\000l\000o\000b\000a\000l\000i\000z\000a\000t\000i\000o\000n\000\040\000\046\000\040\000i\000n\000t\000e\000r\000n\000a\000t\000i\000o\000n\000a\000l\000\040\000m\000o\000n\000e\000y\000\040\000f\000l\000o\000w\000s}{chapter*.11}% 14
\BOOKMARK [1][-]{section*.16}{\376\377\000G\000o\000v\000e\000r\000n\000m\000e\000n\000t\000\040\000F\000i\000n\000a\000n\000c\000e\000\040\000a\000n\000d\000\040\000W\000a\000r}{chapter*.11}% 15
\BOOKMARK [2][-]{section*.17}{\376\377\000S\000e\000l\000l\000i\000n\000g\000\040\000P\000r\000i\000v\000i\000l\000e\000g\000e\000s}{section*.16}% 16
\BOOKMARK [2][-]{section*.18}{\376\377\000G\000o\000v\000e\000r\000n\000m\000e\000n\000t\000\040\000S\000h\000o\000r\000t\000t\000e\000r\000m\000\040\000B\000o\000r\000r\000o\000w\000i\000n\000g}{section*.16}% 17
\BOOKMARK [2][-]{section*.19}{\376\377\000G\000o\000v\000e\000r\000n\000m\000e\000n\000t\000\040\000L\000o\000n\000g\000-\000T\000e\000r\000m\000\040\000B\000o\000r\000r\000o\000w\000i\000n\000g}{section*.16}% 18
\BOOKMARK [0][-]{chapter*.20}{\376\377\000R\000e\000a\000d\000i\000n\000g\000s}{}% 19
\BOOKMARK [1][-]{section*.21}{\376\377\000D\000i\000r\000e\000c\000t\000\040\000f\000i\000n\000a\000n\000c\000e\000\040\000i\000n\000\040\000t\000h\000e\000\040\000D\000u\000t\000c\000h\000\040\000G\000o\000l\000d\000e\000n\000\040\000A\000g\000e\000\040\000-\000\040\000G\000E\000L\000D\000E\000R\000B\000L\000O\000M}{chapter*.20}% 20
\BOOKMARK [2][-]{section*.22}{\376\377\000P\000a\000y\000m\000e\000n\000t\000s}{section*.21}% 21
\BOOKMARK [2][-]{section*.23}{\376\377\000L\000o\000u\000i\000s\000\040\000T\000r\000i\000p\000'\000s\000\040\000i\000n\000v\000e\000s\000t\000m\000e\000n\000t\000\040\000p\000o\000r\000t\000f\000o\000l\000i\000o}{section*.21}% 22
\BOOKMARK [2][-]{section*.24}{\376\377\000J\000o\000s\000e\000p\000h\000\040\000D\000e\000u\000t\000z\000'\000s\000\040\000i\000n\000v\000e\000s\000t\000m\000e\000n\000t\000\040\000p\000o\000r\000t\000f\000o\000l\000i\000o}{section*.21}% 23
\BOOKMARK [2][-]{section*.25}{\376\377\000C\000o\000m\000p\000a\000r\000e\000\040\000t\000h\000e\000\040\000t\000w\000o}{section*.21}% 24
\BOOKMARK [2][-]{section*.26}{\376\377\000D\000i\000s\000c\000u\000s\000s\000i\000o\000n}{section*.21}% 25
\BOOKMARK [1][-]{section*.27}{\376\377\000T\000h\000e\000\040\000r\000e\000a\000l\000\040\000e\000f\000f\000e\000c\000t\000s\000\040\000o\000f\000\040\000m\000o\000n\000e\000t\000a\000r\000y\000\040\000e\000x\000p\000a\000n\000s\000i\000o\000n\000s\000:\000\040\000e\000v\000i\000d\000e\000n\000c\000e\000\040\000f\000r\000o\000m\000\040\000a\000\040\000l\000a\000r\000g\000e\000-\000s\000c\000a\000l\000e\000\040\000h\000i\000s\000t\000o\000r\000i\000c\000a\000l\000\040\000e\000x\000p\000e\000r\000i\000m\000e\000n\000t\000\040\000-\000\040\000N\000u\000n\000o\000\040\000P\000a\000l\000m\000a}{chapter*.20}% 26
\BOOKMARK [2][-]{section*.28}{\376\377\000M\000e\000t\000h\000o\000d\000\040\000\046\000\040\000E\000m\000p\000i\000r\000i\000c\000a\000l\000\040\000S\000t\000r\000a\000t\000e\000g\000y}{section*.27}% 27
\BOOKMARK [2][-]{section*.29}{\376\377\000H\000e\000t\000e\000r\000o\000g\000e\000n\000e\000o\000u\000s\000\040\000E\000f\000f\000e\000c\000t\000s}{section*.27}% 28
\BOOKMARK [2][-]{section*.30}{\376\377\000P\000r\000e\000c\000i\000o\000u\000s\000\040\000M\000e\000t\000a\000l\000s\000\040\000a\000s\000\040\000a\000n\000\040\000I\000V}{section*.27}% 29
\BOOKMARK [2][-]{section*.32}{\376\377\000E\000n\000d\000o\000g\000e\000n\000e\000i\000t\000y\000\040\000T\000h\000r\000e\000a\000t\000s}{section*.27}% 30
\BOOKMARK [2][-]{section*.33}{\376\377\000C\000o\000n\000c\000l\000u\000s\000i\000o\000n}{section*.27}% 31
