\BOOKMARK [0][-]{chapter*.2}{\376\377\000G\000e\000n\000e\000r\000a\000l\000\040\000N\000o\000t\000e\000s\000:}{}% 1
\BOOKMARK [0][-]{chapter*.3}{\376\377\000L\000e\000c\000t\000u\000r\000e\000\040\0001\000:\000\040\000M\000i\000c\000r\000o\000s\000i\000m\000u\000l\000a\000t\000i\000o\000n\000\040\000i\000n\000\040\000S\000t\000a\000t\000i\000c\000\040\000M\000o\000d\000e\000l\000s}{}% 2
\BOOKMARK [1][-]{section*.4}{\376\377\000M\000o\000d\000e\000l\000\040\000C\000o\000m\000p\000l\000e\000x\000i\000t\000y}{chapter*.3}% 3
\BOOKMARK [2][-]{section*.5}{\376\377\000P\000o\000p\000u\000l\000a\000t\000i\000o\000n\000\040\000C\000o\000m\000p\000l\000e\000x\000i\000t\000y}{section*.4}% 4
\BOOKMARK [2][-]{section*.6}{\376\377\000B\000e\000h\000a\000v\000i\000o\000u\000r\000a\000l\000\040\000C\000o\000m\000p\000l\000e\000x\000i\000t\000y}{section*.4}% 5
\BOOKMARK [2][-]{section*.7}{\376\377\000T\000e\000m\000p\000o\000r\000a\000l\000\040\000\050\000D\000y\000n\000a\000m\000i\000c\000\051\000\040\000C\000o\000m\000p\000l\000e\000x\000i\000t\000y}{section*.4}% 6
\BOOKMARK [2][-]{section*.8}{\376\377\000S\000p\000a\000c\000i\000a\000l\000\040\000C\000o\000m\000p\000l\000e\000x\000i\000t\000y}{section*.4}% 7
\BOOKMARK [1][-]{section*.9}{\376\377\000T\000y\000p\000o\000l\000o\000g\000y\000\040\000o\000f\000\040\000m\000i\000c\000r\000o\000s\000i\000m\000u\000l\000a\000t\000i\000o\000n\000\040\000m\000o\000d\000e\000l\000s}{chapter*.3}% 8
\BOOKMARK [2][-]{section*.10}{\376\377\000H\000y\000p\000o\000t\000h\000e\000t\000i\000c\000a\000l\000\040\000M\000o\000d\000e\000l}{section*.9}% 9
\BOOKMARK [2][-]{section*.12}{\376\377\000S\000t\000a\000t\000i\000c\000\040\000M\000o\000d\000e\000l\000s}{section*.9}% 10
\BOOKMARK [2][-]{section*.13}{\376\377\000B\000e\000h\000a\000v\000i\000o\000u\000r\000a\000l\000\040\000M\000o\000d\000e\000l\000s}{section*.9}% 11
\BOOKMARK [2][-]{section*.14}{\376\377\000D\000y\000n\000a\000m\000i\000c\000\040\000M\000o\000d\000e\000l\000s}{section*.9}% 12
\BOOKMARK [1][-]{section*.15}{\376\377\000S\000t\000a\000t\000i\000c\000\040\000M\000o\000d\000e\000l\000s}{chapter*.3}% 13
\BOOKMARK [2][-]{section*.16}{\376\377\000B\000a\000s\000e\000l\000i\000n\000e\000\040\000D\000a\000t\000a}{section*.15}% 14
\BOOKMARK [2][-]{section*.17}{\376\377\000C\000o\000d\000i\000n\000g\000\040\000P\000o\000l\000i\000c\000i\000e\000s}{section*.15}% 15
\BOOKMARK [0][-]{chapter*.18}{\376\377\000B\000e\000h\000a\000v\000i\000o\000u\000r\000a\000l\000\040\000R\000e\000s\000p\000o\000n\000s\000e\000s\000\040\000a\000n\000d\000\040\000D\000y\000n\000a\000m\000i\000c\000\040\000M\000o\000d\000e\000l\000s}{}% 16
\BOOKMARK [1][-]{section*.19}{\376\377\000S\000t\000r\000u\000c\000t\000u\000r\000a\000l\000\040\000M\000o\000d\000e\000l\000s}{chapter*.18}% 17
\BOOKMARK [1][-]{section*.20}{\376\377\000R\000e\000d\000u\000c\000e\000d\000\040\000F\000o\000r\000m}{chapter*.18}% 18
\BOOKMARK [0][-]{chapter*.21}{\376\377\000M\000a\000c\000r\000o\000\040\000S\000i\000m\000u\000l\000a\000t\000i\000o\000n}{}% 19
\BOOKMARK [1][-]{section*.22}{\376\377\000T\000h\000e\000\040\000B\000a\000s\000i\000c\000\040\000N\000e\000w\000\040\000K\000e\000y\000n\000e\000s\000i\000a\000n\000\040\000M\000o\000d\000e\000l\000\040\000:\000\040\000F\000i\000s\000c\000a\000l\000\040\000a\000n\000d\000\040\000M\000o\000n\000e\000t\000a\000r\000y\000\040\000P\000o\000l\000i\000c\000i\000e\000s}{chapter*.21}% 20
\BOOKMARK [1][-]{section*.23}{\376\377\000A\000p\000p\000l\000i\000e\000d\000\040\000D\000S\000G\000E\000\040\000m\000o\000d\000e\000l\000s\000:\000\040\000I\000m\000p\000a\000c\000t\000\040\000o\000f\000\040\000t\000h\000e\000\040\000F\000i\000n\000a\000n\000c\000i\000a\000l\000\040\000A\000c\000t\000s\000\040\000d\000u\000r\000i\000n\000g\000\040\000t\000h\000e\000\040\000C\000o\000v\000i\000d\0001\0009\000\040\000c\000r\000i\000s\000i\000s}{chapter*.21}% 21
\BOOKMARK [2][-]{section*.24}{\376\377\000E\000x\000t\000e\000n\000s\000i\000o\000n\000s\000\040\000t\000o\000\040\000p\000r\000e\000v\000i\000o\000u\000s\000\040\000F\000r\000a\000m\000e\000w\000o\000r\000k}{section*.23}% 22
