\BOOKMARK [0][-]{chapter*.2}{\376\377\000G\000e\000n\000e\000r\000a\000l\000\040\000N\000o\000t\000e\000s\000:}{}% 1
\BOOKMARK [1][-]{section*.3}{\376\377\000T\000e\000r\000m\000i\000n\000o\000l\000o\000g\000y\000:}{chapter*.2}% 2
\BOOKMARK [0][-]{chapter*.4}{\376\377\000B\000a\000s\000i\000c\000s\000:}{}% 3
\BOOKMARK [1][-]{section*.5}{\376\377\000G\000D\000P}{chapter*.4}% 4
\BOOKMARK [2][-]{section*.6}{\376\377\000U\000n\000e\000m\000p\000l\000o\000y\000m\000e\000n\000t\000\040\000R\000a\000t\000e}{section*.5}% 5
\BOOKMARK [2][-]{section*.7}{\376\377\000I\000n\000t\000e\000r\000e\000s\000t\000\040\000R\000a\000t\000e}{section*.5}% 6
\BOOKMARK [1][-]{section*.9}{\376\377\000D\000e\000f\000i\000n\000i\000t\000i\000o\000n\000s}{chapter*.4}% 7
\BOOKMARK [2][-]{section*.10}{\376\377\000P\000r\000o\000c\000e\000s\000s}{section*.9}% 8
\BOOKMARK [2][-]{section*.11}{\376\377\000A\000u\000t\000o\000c\000o\000r\000r\000e\000l\000a\000t\000i\000o\000n}{section*.9}% 9
\BOOKMARK [2][-]{section*.12}{\376\377\000P\000a\000r\000t\000i\000a\000l\000\040\000A\000u\000t\000o\000c\000o\000r\000r\000e\000l\000a\000t\000i\000o\000n}{section*.9}% 10
\BOOKMARK [1][-]{section*.13}{\376\377\000I\000d\000e\000n\000t\000i\000f\000y\000i\000n\000g\000\040\000a\000\040\000c\000a\000n\000d\000i\000d\000a\000t\000e\000\040\000p\000r\000o\000c\000e\000s\000s}{chapter*.4}% 11
\BOOKMARK [2][-]{section*.14}{\376\377\000N\000o\000\040\000M\000e\000m\000o\000r\000y\000\040\000-\000\040\000W\000h\000i\000t\000e\000\040\000N\000o\000i\000s\000e\000\040\000P\000r\000o\000c\000e\000s\000s}{section*.13}% 12
\BOOKMARK [2][-]{section*.17}{\376\377\000S\000h\000o\000r\000t\000\040\000M\000e\000m\000o\000r\000y}{section*.13}% 13
\BOOKMARK [2][-]{section*.19}{\376\377\000L\000o\000n\000g\000\040\000M\000e\000m\000o\000r\000y}{section*.13}% 14
\BOOKMARK [1][-]{section*.20}{\376\377\000S\000t\000a\000t\000i\000o\000n\000a\000r\000i\000t\000y}{chapter*.4}% 15
\BOOKMARK [2][-]{section*.21}{\376\377\000S\000t\000r\000o\000n\000g\000\040\000S\000t\000a\000t\000i\000o\000n\000a\000r\000i\000t\000y}{section*.20}% 16
\BOOKMARK [2][-]{section*.22}{\376\377\000W\000e\000a\000k\000\040\000S\000t\000a\000t\000i\000o\000n\000a\000r\000i\000t\000y}{section*.20}% 17
\BOOKMARK [1][-]{section*.23}{\376\377\000W\000o\000l\000d\000\040\000T\000h\000e\000o\000r\000e\000m}{chapter*.4}% 18
\BOOKMARK [1][-]{section*.24}{\376\377\000D\000e\000f\000i\000n\000i\000n\000g\000\040\000a\000\040\000g\000o\000o\000d\000\040\000p\000r\000e\000d\000i\000c\000t\000o\000r}{chapter*.4}% 19
\BOOKMARK [2][-]{section*.25}{\376\377\000F\000o\000r\000c\000a\000s\000t\000i\000n\000g\000\040\000E\000r\000r\000o\000r\000\040\000P\000r\000o\000c\000e\000s\000s}{section*.24}% 20
\BOOKMARK [1][-]{section*.27}{\376\377\000L\000i\000n\000e\000a\000r\000\040\000P\000r\000o\000c\000e\000s\000s}{chapter*.4}% 21
\BOOKMARK [1][-]{section*.28}{\376\377\000B\000e\000s\000t\000\040\000P\000r\000e\000d\000i\000c\000t\000o\000r}{chapter*.4}% 22
\BOOKMARK [2][-]{section*.29}{\376\377\000D\000i\000s\000t\000r\000i\000b\000u\000t\000i\000o\000n\000\040\000o\000f\000\040\000t\000h\000e\000\040\000P\000r\000e\000d\000i\000c\000t\000o\000r}{section*.28}% 23
\BOOKMARK [2][-]{section*.30}{\376\377\000E\000x\000a\000m\000p\000l\000e}{section*.28}% 24
\BOOKMARK [1][-]{section*.31}{\376\377\000I\000m\000p\000u\000l\000s\000e\000\040\000R\000e\000s\000p\000o\000n\000s\000e\000\040\000F\000u\000n\000c\000t\000i\000o\000n\000\040\000\050\000I\000R\000F\000\051}{chapter*.4}% 25
\BOOKMARK [1][-]{section*.32}{\376\377\000A\000R\000M\000A\000\040\000M\000o\000d\000e\000l\000s}{chapter*.4}% 26
